# JRE version: OpenJDK Runtime Environment (10.0.2+13) (build 10.0.2+13-Ubuntu-1ubuntu0.18.04.4)
# Java VM: OpenJDK 64-Bit Server VM (10.0.2+13-Ubuntu-1ubuntu0.18.04.4, mixed mode, tiered, compressed oops, g1 gc, linux-amd64)
Heap:
 garbage-first heap   total 654336K, used 1027K [0x0000000086800000, 0x0000000100000000)
  region size 1024K, 1 young (1024K), 1 survivors (1024K)
 Metaspace       used 4145K, capacity 4564K, committed 4864K, reserved 1056768K
  class space    used 339K, capacity 388K, committed 512K, reserved 1048576K
GC Heap History (10 events):
Event: 4.946 GC heap after
{Heap after GC invocations=53 (full 0):
 garbage-first heap   total 181248K, used 957K [0x0000000086800000, 0x0000000100000000)
  region size 1024K, 1 young (1024K), 1 survivors (1024K)
 Metaspace       used 4144K, capacity 4564K, committed 4864K, reserved 1056768K
  class space    used 339K, capacity 388K, committed 512K, reserved 1048576K
}
Event: 5.273 GC heap before
{Heap before GC invocations=53 (full 0):
 garbage-first heap   total 181248K, used 108477K [0x0000000086800000, 0x0000000100000000)
  region size 1024K, 106 young (108544K), 1 survivors (1024K)
 Metaspace       used 4144K, capacity 4564K, committed 4864K, reserved 1056768K
  class space    used 339K, capacity 388K, committed 512K, reserved 1048576K
}
Event: 5.356 GC heap after
{Heap after GC invocations=54 (full 0):
 garbage-first heap   total 218112K, used 909K [0x0000000086800000, 0x0000000100000000)
  region size 1024K, 1 young (1024K), 1 survivors (1024K)
 Metaspace       used 4144K, capacity 4564K, committed 4864K, reserved 1056768K
  class space    used 339K, capacity 388K, committed 512K, reserved 1048576K
}
Event: 5.555 GC heap before
{Heap before GC invocations=54 (full 0):
 garbage-first heap   total 218112K, used 129933K [0x0000000086800000, 0x0000000100000000)
  region size 1024K, 127 young (130048K), 1 survivors (1024K)
 Metaspace       used 4144K, capacity 4564K, committed 4864K, reserved 1056768K
  class space    used 339K, capacity 388K, committed 512K, reserved 1048576K
}
Event: 6.880 GC heap after
{Heap after GC invocations=55 (full 0):
 garbage-first heap   total 218112K, used 953K [0x0000000086800000, 0x0000000100000000)
  region size 1024K, 1 young (1024K), 1 survivors (1024K)
 Metaspace       used 4144K, capacity 4564K, committed 4864K, reserved 1056768K
  class space    used 339K, capacity 388K, committed 512K, reserved 1048576K
}
Event: 7.256 GC heap before
{Heap before GC invocations=55 (full 0):
 garbage-first heap   total 218112K, used 129977K [0x0000000086800000, 0x0000000100000000)
  region size 1024K, 127 young (130048K), 1 survivors (1024K)
 Metaspace       used 4144K, capacity 4564K, committed 4864K, reserved 1056768K
  class space    used 339K, capacity 388K, committed 512K, reserved 1048576K
}
Event: 7.472 GC heap after
{Heap after GC invocations=56 (full 0):
 garbage-first heap   total 218112K, used 912K [0x0000000086800000, 0x0000000100000000)
  region size 1024K, 1 young (1024K), 1 survivors (1024K)
 Metaspace       used 4144K, capacity 4564K, committed 4864K, reserved 1056768K
  class space    used 339K, capacity 388K, committed 512K, reserved 1048576K
}
Event: 7.797 GC heap before
{Heap before GC invocations=56 (full 0):
 garbage-first heap   total 218112K, used 129936K [0x0000000086800000, 0x0000000100000000)
  region size 1024K, 127 young (130048K), 1 survivors (1024K)
 Metaspace       used 4144K, capacity 4564K, committed 4864K, reserved 1056768K
  class space    used 339K, capacity 388K, committed 512K, reserved 1048576K
}
Event: 8.187 GC heap after
{Heap after GC invocations=57 (full 0):
 garbage-first heap   total 218112K, used 959K [0x0000000086800000, 0x0000000100000000)
  region size 1024K, 1 young (1024K), 1 survivors (1024K)
 Metaspace       used 4144K, capacity 4564K, committed 4864K, reserved 1056768K
  class space    used 339K, capacity 388K, committed 512K, reserved 1048576K
}
Event: 8.529 GC heap before
{Heap before GC invocations=57 (full 0):
 garbage-first heap   total 218112K, used 129983K [0x0000000086800000, 0x0000000100000000)
  region size 1024K, 127 young (130048K), 1 survivors (1024K)
 Metaspace       used 4145K, capacity 4564K, committed 4864K, reserved 1056768K
  class space    used 339K, capacity 388K, committed 512K, reserved 1048576K
}

