# JRE version: OpenJDK Runtime Environment (10.0.2+13) (build 10.0.2+13-Ubuntu-1ubuntu0.18.04.4)
# Java VM: OpenJDK 64-Bit Server VM (10.0.2+13-Ubuntu-1ubuntu0.18.04.4, mixed mode, tiered, compressed oops, g1 gc, linux-amd64)
Heap:
 garbage-first heap   total 543744K, used 1130K [0x0000000086800000, 0x0000000100000000)
  region size 1024K, 1 young (1024K), 1 survivors (1024K)
 Metaspace       used 4150K, capacity 4564K, committed 4864K, reserved 1056768K
  class space    used 339K, capacity 388K, committed 512K, reserved 1048576K
GC Heap History (10 events):
Event: 3.042 GC heap after
{Heap after GC invocations=33 (full 0):
 garbage-first heap   total 181248K, used 994K [0x0000000086800000, 0x0000000100000000)
  region size 1024K, 1 young (1024K), 1 survivors (1024K)
 Metaspace       used 4146K, capacity 4564K, committed 4864K, reserved 1056768K
  class space    used 339K, capacity 388K, committed 512K, reserved 1048576K
}
Event: 3.184 GC heap before
{Heap before GC invocations=33 (full 0):
 garbage-first heap   total 181248K, used 108514K [0x0000000086800000, 0x0000000100000000)
  region size 1024K, 106 young (108544K), 1 survivors (1024K)
 Metaspace       used 4146K, capacity 4564K, committed 4864K, reserved 1056768K
  class space    used 339K, capacity 388K, committed 512K, reserved 1048576K
}
Event: 3.185 GC heap after
{Heap after GC invocations=34 (full 0):
 garbage-first heap   total 181248K, used 929K [0x0000000086800000, 0x0000000100000000)
  region size 1024K, 1 young (1024K), 1 survivors (1024K)
 Metaspace       used 4146K, capacity 4564K, committed 4864K, reserved 1056768K
  class space    used 339K, capacity 388K, committed 512K, reserved 1048576K
}
Event: 3.277 GC heap before
{Heap before GC invocations=34 (full 0):
 garbage-first heap   total 181248K, used 108449K [0x0000000086800000, 0x0000000100000000)
  region size 1024K, 106 young (108544K), 1 survivors (1024K)
 Metaspace       used 4146K, capacity 4564K, committed 4864K, reserved 1056768K
  class space    used 339K, capacity 388K, committed 512K, reserved 1048576K
}
Event: 3.279 GC heap after
{Heap after GC invocations=35 (full 0):
 garbage-first heap   total 181248K, used 982K [0x0000000086800000, 0x0000000100000000)
  region size 1024K, 1 young (1024K), 1 survivors (1024K)
 Metaspace       used 4146K, capacity 4564K, committed 4864K, reserved 1056768K
  class space    used 339K, capacity 388K, committed 512K, reserved 1048576K
}
Event: 3.374 GC heap before
{Heap before GC invocations=35 (full 0):
 garbage-first heap   total 181248K, used 108502K [0x0000000086800000, 0x0000000100000000)
  region size 1024K, 106 young (108544K), 1 survivors (1024K)
 Metaspace       used 4146K, capacity 4564K, committed 4864K, reserved 1056768K
  class space    used 339K, capacity 388K, committed 512K, reserved 1048576K
}
Event: 3.374 GC heap after
{Heap after GC invocations=36 (full 0):
 garbage-first heap   total 181248K, used 1022K [0x0000000086800000, 0x0000000100000000)
  region size 1024K, 1 young (1024K), 1 survivors (1024K)
 Metaspace       used 4146K, capacity 4564K, committed 4864K, reserved 1056768K
  class space    used 339K, capacity 388K, committed 512K, reserved 1048576K
}
Event: 4.762 GC heap before
{Heap before GC invocations=36 (full 0):
 garbage-first heap   total 181248K, used 108542K [0x0000000086800000, 0x0000000100000000)
  region size 1024K, 106 young (108544K), 1 survivors (1024K)
 Metaspace       used 4150K, capacity 4564K, committed 4864K, reserved 1056768K
  class space    used 339K, capacity 388K, committed 512K, reserved 1048576K
}
Event: 4.783 GC heap after
{Heap after GC invocations=37 (full 0):
 garbage-first heap   total 181248K, used 1085K [0x0000000086800000, 0x0000000100000000)
  region size 1024K, 1 young (1024K), 1 survivors (1024K)
 Metaspace       used 4150K, capacity 4564K, committed 4864K, reserved 1056768K
  class space    used 339K, capacity 388K, committed 512K, reserved 1048576K
}
Event: 4.913 GC heap before
{Heap before GC invocations=37 (full 0):
 garbage-first heap   total 181248K, used 108605K [0x0000000086800000, 0x0000000100000000)
  region size 1024K, 106 young (108544K), 1 survivors (1024K)
 Metaspace       used 4150K, capacity 4564K, committed 4864K, reserved 1056768K
  class space    used 339K, capacity 388K, committed 512K, reserved 1048576K
}

